IQ-TREE multicore version 1.6.12 for Linux 64-bit built Aug 15 2019
Developed by Bui Quang Minh, Nguyen Lam Tung, Olga Chernomor,
Heiko Schmidt, Dominik Schrempf, Michael Woodhams.

Host:    p09r11n15.grace.hpc.yale.internal (AVX512, FMA3, 187 GB RAM)
Command: iqtree -s viburnum_alignment.fasta -nt AUTO
Seed:    278216 (Using SPRNG - Scalable Parallel Random Number Generator)
Time:    Sun Nov  1 08:50:50 2020
Kernel:  AVX+FMA - auto-detect threads (36 CPU cores detected)

Reading alignment file viburnum_alignment.fasta ... Fasta format detected
Alignment most likely contains DNA/RNA sequences
Alignment has 12 sequences with 1332 columns, 40 distinct patterns
12 parsimony-informative, 23 singleton sites, 1297 constant sites
                          Gap/Ambiguity  Composition  p-value
   1  Viburnum_opulus             0.00%    passed     99.00%
   2  Viburnum_cotinifolium       0.30%    passed     99.98%
   3  Viburnum_carlesii           0.23%    passed    100.00%
   4  Viburnum_rhytidophyllum     0.23%    passed     99.98%
   5  Viburnum_utile              0.23%    passed     99.98%
   6  Viburnum_cinnamomifolium    0.23%    passed     99.99%
   7  Viburnum_davidii            0.30%    passed     99.99%
   8  Viburnum_dentatum           0.00%    passed     99.98%
   9  Viburnum_propinquum         0.23%    passed    100.00%
  10  Viburnum_tinus              0.23%    passed     99.70%
  11  Viburnum_furcatum           1.13%    passed     99.98%
  12  Viburnum_japonicum          0.00%    passed     99.05%
****  TOTAL                       0.26%  0 sequences failed composition chi2 test (p-value<5%; df=3)
NOTE: Viburnum_utile is identical to Viburnum_rhytidophyllum but kept for subsequent analysis


Create initial parsimony tree by phylogenetic likelihood library (PLL)... 0.000 seconds
NOTE: ModelFinder requires 0 MB RAM!
ModelFinder will test 286 DNA models (sample size: 1332) ...
 No. Model         -LnL         df  AIC          AICc         BIC
Measuring multi-threading efficiency up to 36 CPU cores
Increase to 10 rounds for branch lengths
103530 trees examined
Threads: 1 / Time: 36.000 sec / Speedup: 1.000 / Efficiency: 100% / LogL: -2233
Threads: 2 / Time: 45.491 sec / Speedup: 0.791 / Efficiency: 40% / LogL: -2233
BEST NUMBER OF THREADS: 1

  1  JC            2187.595     21  4417.189     4417.895     4526.272
  2  JC+I          2165.203     22  4374.407     4375.180     4488.684
  3  JC+G4         2174.595     22  4393.190     4393.963     4507.467
  4  JC+I+G4       2169.116     23  4384.233     4385.077     4503.705
  5  JC+R2         2182.948     23  4411.895     4412.739     4531.367
  6  JC+R3         2165.123     25  4380.247     4381.242     4510.108
  7  JC+R4         2165.090     27  4384.180     4385.340     4524.430
 14  F81+F         2179.016     24  4406.032     4406.950     4530.699
 15  F81+F+I       2156.654     25  4363.307     4364.303     4493.168
 16  F81+F+G4      2166.019     25  4382.038     4383.033     4511.899
 17  F81+F+I+G4    2160.508     26  4373.016     4374.092     4508.072
 18  F81+F+R2      2173.693     26  4399.385     4400.461     4534.441
 19  F81+F+R3      2156.470     28  4368.939     4370.186     4514.384
 20  F81+F+R4      2156.452     30  4372.904     4374.334     4528.737
 27  K2P           2186.406     22  4416.811     4417.584     4531.089
 28  K2P+I         2164.135     23  4374.270     4375.114     4493.742
 29  K2P+G4        2173.425     23  4392.849     4393.693     4512.321
 30  K2P+I+G4      2167.899     24  4383.797     4384.716     4508.464
 31  K2P+R2        2180.367     24  4408.734     4409.652     4533.400
 32  K2P+R3        2163.820     26  4379.639     4380.715     4514.694
 33  K2P+R4        2163.817     28  4383.634     4384.881     4529.079
 40  HKY+F         2177.773     25  4405.547     4406.542     4535.407
 41  HKY+F+I       2155.507     26  4363.014     4364.090     4498.069
 42  HKY+F+G4      2164.790     26  4381.580     4382.655     4516.635
 43  HKY+F+I+G4    2159.226     27  4372.451     4373.611     4512.701
 44  HKY+F+R2      2155.493     27  4364.986     4366.145     4505.236
 45  HKY+F+R3      2155.248     29  4368.496     4369.833     4519.135
 53  TNe           2185.844     23  4417.688     4418.532     4537.160
 54  TNe+I         2163.698     24  4375.397     4376.315     4500.063
 55  TNe+G4        2172.873     24  4393.746     4394.664     4518.413
 56  TNe+I+G4      2167.295     25  4384.589     4385.585     4514.450
 57  TNe+R2        2163.479     25  4376.958     4377.954     4506.819
 58  TNe+R3        2163.268     27  4380.536     4381.696     4520.786
 66  TN+F          2176.943     26  4405.885     4406.961     4540.941
 67  TN+F+I        2154.798     27  4363.596     4364.756     4503.846
 68  TN+F+G4       2163.963     27  4381.926     4383.085     4522.176
 69  TN+F+I+G4     2158.341     28  4372.682     4373.928     4518.126
 70  TN+F+R2       2154.586     28  4365.172     4366.418     4510.616
 71  TN+F+R3       2154.441     30  4368.882     4370.312     4524.715
 79  K3P           2186.382     23  4418.763     4419.608     4538.236
 80  K3P+I         2164.116     24  4376.232     4377.150     4500.899
 81  K3P+G4        2173.402     24  4394.804     4395.722     4519.471
 82  K3P+I+G4      2167.731     25  4385.462     4386.457     4515.323
 83  K3P+R2        2163.902     25  4377.803     4378.799     4507.664
 84  K3P+R3        2163.760     27  4381.519     4382.679     4521.769
 92  K3Pu+F        2177.742     26  4407.484     4408.560     4542.540
 93  K3Pu+F+I      2155.483     27  4364.967     4366.126     4505.217
 94  K3Pu+F+G4     2164.761     27  4383.521     4384.681     4523.771
 95  K3Pu+F+I+G4   2159.051     28  4374.102     4375.349     4519.547
 96  K3Pu+F+R2     2155.290     28  4366.580     4367.826     4512.024
 97  K3Pu+F+R3     2155.192     30  4370.384     4371.813     4526.217
105  TPM2+F        2176.611     26  4405.222     4406.298     4540.277
106  TPM2+F+I      2154.528     27  4363.055     4364.215     4503.305
107  TPM2+F+G4     2163.644     27  4381.287     4382.447     4521.537
108  TPM2+F+I+G4   2157.928     28  4371.856     4373.102     4517.300
109  TPM2+F+R2     2154.284     28  4364.569     4365.815     4510.013
110  TPM2+F+R3     2154.163     30  4368.327     4369.756     4524.160
118  TPM2u+F       2176.611     26  4405.222     4406.298     4540.277
119  TPM2u+F+I     2154.527     27  4363.055     4364.214     4503.304
120  TPM2u+F+G4    2163.643     27  4381.287     4382.446     4521.537
121  TPM2u+F+I+G4  2157.891     28  4371.782     4373.028     4517.226
122  TPM2u+F+R2    2154.281     28  4364.561     4365.807     4510.005
123  TPM2u+F+R3    2154.162     30  4368.324     4369.753     4524.157
131  TPM3+F        2174.127     26  4400.255     4401.331     4535.310
132  TPM3+F+I      2150.860     27  4355.719     4356.879     4495.969
133  TPM3+F+G4     2160.948     27  4375.895     4377.055     4516.145
134  TPM3+F+I+G4   2154.796     28  4365.592     4366.838     4511.036
135  TPM3+F+R2     2150.942     28  4357.884     4359.130     4503.328
136  TPM3+F+R3     2150.936     30  4361.872     4363.302     4517.705
144  TPM3u+F       2174.128     26  4400.256     4401.332     4535.311
145  TPM3u+F+I     2150.858     27  4355.716     4356.876     4495.966
146  TPM3u+F+G4    2160.949     27  4375.899     4377.058     4516.149
147  TPM3u+F+I+G4  2154.709     28  4365.418     4366.665     4510.862
148  TPM3u+F+R2    2150.931     28  4357.862     4359.108     4503.306
149  TPM3u+F+R3    2150.928     30  4361.856     4363.286     4517.689
157  TIMe          2185.826     24  4419.652     4420.570     4544.318
158  TIMe+I        2163.685     25  4377.369     4378.365     4507.230
159  TIMe+G4       2172.856     25  4395.711     4396.706     4525.572
160  TIMe+I+G4     2166.896     26  4385.792     4386.868     4520.848
161  TIMe+R2       2163.389     26  4378.777     4379.853     4513.833
162  TIMe+R3       2163.380     28  4382.760     4384.006     4528.204
170  TIM+F         2176.921     27  4407.842     4409.002     4548.092
171  TIM+F+I       2154.784     28  4365.567     4366.814     4511.012
172  TIM+F+G4      2163.942     28  4383.883     4385.129     4529.327
173  TIM+F+I+G4    2157.937     29  4373.874     4375.211     4524.513
174  TIM+F+R2      2154.515     29  4367.031     4368.367     4517.669
175  TIM+F+R3      2154.503     31  4371.006     4372.532     4532.033
183  TIM2e         2184.763     24  4417.526     4418.444     4542.193
184  TIM2e+I       2162.784     25  4375.568     4376.564     4505.429
185  TIM2e+G4      2171.808     25  4393.615     4394.611     4523.476
186  TIM2e+I+G4    2165.806     26  4383.611     4384.687     4518.667
187  TIM2e+R2      2162.429     26  4376.858     4377.934     4511.914
188  TIM2e+R3      2162.406     28  4380.812     4382.058     4526.256
196  TIM2+F        2175.789     27  4405.578     4406.738     4545.828
197  TIM2+F+I      2153.810     28  4363.619     4364.866     4509.064
198  TIM2+F+G4     2162.824     28  4381.649     4382.895     4527.093
199  TIM2+F+I+G4   2156.778     29  4371.555     4372.892     4522.194
200  TIM2+F+R2     2153.491     29  4364.983     4366.319     4515.621
201  TIM2+F+R3     2153.467     31  4368.933     4370.459     4529.961
209  TIM3e         2183.321     24  4414.641     4415.559     4539.308
210  TIM3e+I       2160.508     25  4371.016     4372.011     4500.877
211  TIM3e+G4      2170.239     25  4390.477     4391.473     4520.338
212  TIM3e+I+G4    2163.934     26  4379.868     4380.944     4514.923
213  TIM3e+R2      2160.543     26  4373.087     4374.162     4508.142
214  TIM3e+R3      2160.531     28  4377.061     4378.308     4522.506
222  TIM3+F        2173.304     27  4400.608     4401.767     4540.857
223  TIM3+F+I      2150.063     28  4356.126     4357.372     4501.570
224  TIM3+F+G4     2160.098     28  4376.196     4377.443     4521.641
225  TIM3+F+I+G4   2153.548     29  4365.096     4366.432     4515.734
226  TIM3+F+R2     2150.160     29  4358.320     4359.657     4508.959
227  TIM3+F+R3     2150.156     31  4362.311     4363.838     4523.339
235  TVMe          2182.480     25  4414.961     4415.956     4544.822
236  TVMe+I        2159.707     26  4371.414     4372.490     4506.470
237  TVMe+G4       2169.404     26  4390.807     4391.883     4525.863
238  TVMe+I+G4     2162.973     27  4379.946     4381.105     4520.195
239  TVMe+R2       2159.669     27  4373.339     4374.498     4513.588
240  TVMe+R3       2159.668     29  4377.336     4378.673     4527.975
248  TVM+F         2172.659     28  4401.317     4402.564     4546.762
249  TVM+F+I       2149.563     29  4357.126     4358.462     4507.764
250  TVM+F+G4      2159.493     29  4376.987     4378.323     4527.625
251  TVM+F+I+G4    2152.841     30  4365.682     4367.111     4521.515
252  TVM+F+R2      2149.576     30  4359.151     4360.581     4514.985
253  TVM+F+R3      2149.574     32  4363.148     4364.774     4529.370
261  SYM           2181.921     26  4415.843     4416.919     4550.898
262  SYM+I         2159.266     27  4372.531     4373.691     4512.781
263  SYM+G4        2168.847     27  4391.695     4392.854     4531.945
264  SYM+I+G4      2162.280     28  4380.560     4381.806     4526.004
265  SYM+R2        2159.225     28  4374.450     4375.696     4519.894
266  SYM+R3        2159.224     30  4378.447     4379.877     4534.280
274  GTR+F         2171.830     29  4401.660     4402.996     4552.298
275  GTR+F+I       2148.749     30  4357.498     4358.928     4513.331
276  GTR+F+G4      2158.642     30  4377.285     4378.714     4533.118
277  GTR+F+I+G4    2151.796     31  4365.592     4367.118     4526.619
278  GTR+F+R2      2148.757     31  4359.514     4361.040     4520.542
279  GTR+F+R3      2148.756     33  4363.512     4365.241     4534.928
Akaike Information Criterion:           TPM3u+F+I
Corrected Akaike Information Criterion: TPM3u+F+I
Bayesian Information Criterion:         JC+I
Best-fit model: JC+I chosen according to BIC

All model information printed to viburnum_alignment.fasta.model.gz
CPU time for ModelFinder: 128.484 seconds (0h:2m:8s)
Wall-clock time for ModelFinder: 81.897 seconds (0h:1m:21s)

NOTE: 0 MB RAM (0 GB) is required!
Measuring multi-threading efficiency up to 36 CPU cores
Increase to 10 rounds for branch lengths
97629 trees examined
Threads: 1 / Time: 36.000 sec / Speedup: 1.000 / Efficiency: 100% / LogL: -2248
Threads: 2 / Time: 45.984 sec / Speedup: 0.783 / Efficiency: 39% / LogL: -2248
BEST NUMBER OF THREADS: 1

Estimate model parameters (epsilon = 0.100)
1. Initial log-likelihood: -2181.457
2. Current log-likelihood: -2165.376
3. Current log-likelihood: -2165.204
Optimal log-likelihood: -2165.203
Rate parameters:  A-C: 1.00000  A-G: 1.00000  A-T: 1.00000  C-G: 1.00000  C-T: 1.00000  G-T: 1.00000
Base frequencies:  A: 0.250  C: 0.250  G: 0.250  T: 0.250
Proportion of invariable sites: 0.948
Parameters optimization took 3 rounds (0.001 sec)
Computing ML distances based on estimated model parameters... 0.001 sec
Computing BIONJ tree...
0.000 seconds
Log-likelihood of BIONJ tree: -2165.200
--------------------------------------------------------------------
|             INITIALIZING CANDIDATE TREE SET                      |
--------------------------------------------------------------------
Generating 98 parsimony trees... 0.021 second
Computing log-likelihood of 98 initial trees ... 0.026 seconds
Current best score: -2163.436

Do NNI search on 20 best initial trees
Estimate model parameters (epsilon = 0.100)
BETTER TREE FOUND at iteration 1: -2163.411
BETTER TREE FOUND at iteration 6: -2163.411
Iteration 10 / LogL: -2163.411 / Time: 0h:1m:22s
Iteration 20 / LogL: -2163.426 / Time: 0h:1m:22s
Finish initializing candidate tree set (6)
Current best tree score: -2163.411 / CPU time: 0.060
Number of iterations: 20
--------------------------------------------------------------------
|               OPTIMIZING CANDIDATE TREE SET                      |
--------------------------------------------------------------------
UPDATE BEST LOG-LIKELIHOOD: -2163.411
Iteration 30 / LogL: -2163.411 / Time: 0h:1m:22s (0h:3m:35s left)
UPDATE BEST LOG-LIKELIHOOD: -2163.410
UPDATE BEST LOG-LIKELIHOOD: -2163.410
UPDATE BEST LOG-LIKELIHOOD: -2163.410
Iteration 40 / LogL: -2163.410 / Time: 0h:1m:22s (0h:2m:18s left)
UPDATE BEST LOG-LIKELIHOOD: -2163.410
UPDATE BEST LOG-LIKELIHOOD: -2163.410
Iteration 50 / LogL: -2163.410 / Time: 0h:1m:22s (0h:1m:33s left)
UPDATE BEST LOG-LIKELIHOOD: -2163.410
UPDATE BEST LOG-LIKELIHOOD: -2163.410
UPDATE BEST LOG-LIKELIHOOD: -2163.410
Iteration 60 / LogL: -2163.410 / Time: 0h:1m:22s (0h:1m:4s left)
UPDATE BEST LOG-LIKELIHOOD: -2163.410
Iteration 70 / LogL: -2165.343 / Time: 0h:1m:22s (0h:0m:42s left)
Iteration 80 / LogL: -2163.411 / Time: 0h:1m:22s (0h:0m:27s left)
UPDATE BEST LOG-LIKELIHOOD: -2163.410
Iteration 90 / LogL: -2163.411 / Time: 0h:1m:22s (0h:0m:14s left)
Iteration 100 / LogL: -2163.411 / Time: 0h:1m:22s (0h:0m:4s left)
TREE SEARCH COMPLETED AFTER 107 ITERATIONS / Time: 0h:1m:22s

--------------------------------------------------------------------
|                    FINALIZING TREE SEARCH                        |
--------------------------------------------------------------------
Performs final model parameters optimization
Estimate model parameters (epsilon = 0.010)
1. Initial log-likelihood: -2163.410
Optimal log-likelihood: -2163.410
Rate parameters:  A-C: 1.00000  A-G: 1.00000  A-T: 1.00000  C-G: 1.00000  C-T: 1.00000  G-T: 1.00000
Base frequencies:  A: 0.250  C: 0.250  G: 0.250  T: 0.250
Proportion of invariable sites: 0.945
Parameters optimization took 1 rounds (0.000 sec)
BEST SCORE FOUND : -2163.410
Total tree length: 0.036

Total number of iterations: 107
CPU time used for tree search: 0.354 sec (0h:0m:0s)
Wall-clock time used for tree search: 0.180 sec (0h:0m:0s)
Total CPU time used: 127.960 sec (0h:2m:7s)
Total wall-clock time used: 82.182 sec (0h:1m:22s)

Analysis results written to: 
  IQ-TREE report:                viburnum_alignment.fasta.iqtree
  Maximum-likelihood tree:       viburnum_alignment.fasta.treefile
  Likelihood distances:          viburnum_alignment.fasta.mldist
  Screen log file:               viburnum_alignment.fasta.log

Date and Time: Sun Nov  1 08:53:34 2020
