IQ-TREE multicore version 1.6.12 for Linux 64-bit built Aug 15 2019
Developed by Bui Quang Minh, Nguyen Lam Tung, Olga Chernomor,
Heiko Schmidt, Dominik Schrempf, Michael Woodhams.

Host:    p09r13n09.grace.hpc.yale.internal (AVX512, FMA3, 187 GB RAM)
Command: iqtree -s concatenated.fasta -nt AUTO
Seed:    410507 (Using SPRNG - Scalable Parallel Random Number Generator)
Time:    Sun Nov 29 20:17:37 2020
Kernel:  AVX+FMA - auto-detect threads (36 CPU cores detected)

Reading alignment file concatenated.fasta ... Fasta format detected
Alignment most likely contains DNA/RNA sequences
Alignment has 119 sequences with 3217 columns, 413 distinct patterns
413 parsimony-informative, 230 singleton sites, 2574 constant sites
                             Gap/Ambiguity  Composition  p-value
   1  Viburnum_acerifolium           3.48%    failed      0.30%
   2  Viburnum_acutifolium          51.69%    failed      1.85%
   3  Viburnum_adenophorum          24.03%    passed     32.01%
   4  Viburnum_amplificatum         24.15%    passed     30.27%
   5  Viburnum_amplifolium          67.27%    failed      0.00%
   6  Viburnum_annamensis           24.03%    passed     26.00%
   7  Viburnum_awabuki              24.12%    passed     30.58%
   8  Viburnum_beccarii             23.97%    passed     37.43%
   9  Viburnum_betulifolium         26.80%    passed     27.11%
  10  Viburnum_bitchiuense          22.97%    passed     16.35%
  11  Viburnum_blandum              23.00%    passed     23.10%
  12  Viburnum_calvum               22.97%    passed     15.83%
  13  Viburnum_carlesii             22.97%    passed     16.35%
  14  Viburnum_cassinoides          23.78%    passed     21.34%
  15  Viburnum_caudatum             64.38%    failed      0.00%
  16  Viburnum_chingii              71.03%    failed      0.00%
  17  Viburnum_cinnamomifolium      22.97%    passed     21.67%
  18  Viburnum_clemensiae           64.38%    failed      0.00%
  19  Viburnum_clemensae            35.75%    passed     31.34%
  20  Viburnum_cotinifolium         23.94%    passed     19.34%
  21  Viburnum_cylindricum          22.97%    passed     18.85%
  22  Viburnum_davidii              23.13%    passed     25.19%
  23  Viburnum_dentatum             22.97%    passed     25.99%
  24  Viburnum_dilatatum            23.34%    passed     28.12%
  25  Viburnum_edule                22.97%    passed      9.74%
  26  Viburnum_ellipticum           22.97%    passed     24.03%
  27  Viburnum_erosum               25.74%    passed     28.40%
  28  Viburnum_erubesens            64.38%    failed      0.00%
  29  Viburnum_foetens              65.09%    failed      0.00%
  30  Viburnum_foetidum             22.97%    passed     21.39%
  31  Viburnum_formosanum           23.75%    passed     27.56%
  32  Viburnum_furcatum             23.25%    passed     18.07%
  33  Viburnum_glomeratum           67.27%    failed      0.00%
  34  Viburnum_hallii               67.14%    failed      0.00%
  35  Viburnum_hartwegii            64.38%    failed      0.00%
  36  Viburnum_henryi               24.15%    passed     29.43%
  37  Viburnum_hupehense            45.45%    failed      1.48%
  38  Viburnum_japonicum            22.97%    passed     26.56%
  39  Viburnum_jucundum             22.97%    passed     26.46%
  40  Viburnum_lantana              22.97%    passed     16.35%
  41  Viburnum_lantanoides          23.25%    passed     18.12%
  42  Viburnum_lautum               22.97%    passed     26.46%
  43  Viburnum_lentago              23.50%    passed     24.94%
  44  Viburnum_lutescens            24.03%    passed     32.83%
  45  Viburnum_luzonicum            23.44%    passed     28.58%
  46  Viburnum_molle                22.97%    passed     21.54%
  47  Viburnum_opulus               25.74%    passed     14.77%
  48  Viburnum_parvifolium          23.97%    passed     28.54%
  49  Viburnum_propinquum           22.97%    passed     21.99%
  50  Viburnum_prunifolium          22.97%    passed     20.26%
  51  Viburnum_rigidum              22.97%    passed     21.37%
  52  Viburnum_sambucinum           24.15%    passed     25.66%
  53  Viburnum_sieboldii            22.97%    passed     25.94%
  54  Viburnum_tinus                22.97%    passed     22.94%
  55  Viburnum_utile                25.86%    passed     21.67%
  56  Viburnum_wrightii             22.97%    passed     24.71%
  57  Viburnum_yunnanense           25.86%    passed     28.41%
  58  Viburnum_anabaptista          58.87%    failed      2.71%
  59  Viburnum_atrocyaneum          58.59%    failed      4.72%
  60  Viburnum_brachyandrum         58.59%    failed      2.82%
  61  Viburnum_bracteatum           58.59%    passed      5.77%
  62  Viburnum_brevitubum           58.59%    failed      4.42%
  63  Viburnum_buddleifolium        62.23%    failed      2.69%
  64  Viburnum_burejaeticum         61.52%    passed      6.80%
  65  Viburnum_burmanicum           59.65%    failed      1.89%
  66  Viburnum_chinshanense         58.59%    failed      2.78%
  67  Viburnum_colebrookeanum       58.59%    failed      4.19%
  68  Viburnum_coriaceum            58.59%    failed      3.33%
  69  Viburnum_corylifolium         58.72%    failed      1.87%
  70  Viburnum_disjunctum           58.72%    failed      2.49%
  71  Viburnum_fansipanense         59.68%    failed      2.26%
  72  Viburnum_farreri              58.59%    failed      3.85%
  73  Viburnum_flavescens           58.59%    failed      3.37%
  74  Viburnum_fordiae              58.59%    failed      2.90%
  75  Viburnum_glabratum            58.78%    failed      2.80%
  76  Viburnum_grandiflorum         58.72%    passed      5.14%
  77  Viburnum_hebanthum            58.59%    failed      3.83%
  78  Viburnum_hispidulum           58.59%    failed      2.19%
  79  Viburnum_ichangense           58.59%    failed      3.37%
  80  Viburnum_inopinatum           58.59%    failed      3.32%
  81  Viburnum_integrifolium        58.59%    failed      2.45%
  82  Viburnum_jamesonii            58.59%    failed      2.97%
  83  Viburnum_kansuense            58.59%    failed      3.83%
  84  Viburnum_lobophyllum          58.59%    failed      3.37%
  85  Viburnum_loeseneri            58.59%    failed      3.45%
  86  Viburnum_macrocephalum        58.59%    failed      2.89%
  87  Viburnum_melanocarpum         58.59%    failed      2.45%
  88  Viburnum_microphyllum         58.59%    failed      3.35%
  89  Viburnum_mongolicum           58.59%    failed      3.22%
  90  Viburnum_mullaha              58.59%    failed      2.89%
  91  Viburnum_nervosum             58.59%    passed      5.20%
  92  Viburnum_nudum                58.59%    failed      3.19%
  93  Viburnum_obovatum             59.62%    failed      1.45%
  94  Viburnum_odoratissimum        58.59%    passed      5.67%
  95  Viburnum_oliganthum           58.59%    failed      4.42%
  96  Viburnum_orientale            58.59%    failed      2.50%
  97  Viburnum_plicatum             58.59%    passed      5.46%
  98  Viburnum_punctatum            58.59%    failed      4.39%
  99  Viburnum_pyramidatum          58.59%    passed      5.39%
 100  Viburnum_rafinesquianum       58.59%    passed      5.77%
 101  Viburnum_rhytidophyllum       58.59%    failed      2.78%
 102  Viburnum_schensianum          58.59%    failed      3.22%
 103  Viburnum_sempervirens         60.40%    failed      1.14%
 104  Viburnum_setigerum            58.59%    failed      2.90%
 105  Viburnum_stellatotomentosum   58.59%    failed      2.64%
 106  Viburnum_stenocalyx           58.59%    failed      3.35%
 107  Viburnum_subalpinum           58.59%    passed      5.12%
 108  Viburnum_suspensum            58.59%    failed      3.85%
 109  Viburnum_taitoense            58.72%    failed      3.69%
 110  Viburnum_taiwanianum          58.59%    failed      4.77%
 111  Viburnum_tashiroi             58.59%    failed      2.45%
 112  Viburnum_ternatum             58.59%    failed      3.32%
 113  Viburnum_tinoides             69.60%    passed     36.32%
 114  Viburnum_toronis              58.59%    failed      2.48%
 115  Viburnum_triphyllum           58.59%    failed      2.97%
 116  Viburnum_undulatum            58.59%    failed      2.97%
 117  Viburnum_urceolatum           58.59%    failed      4.77%
 118  Viburnum_veitchii             74.67%    passed     19.94%
 119  Viburnum_vernicosum           58.59%    failed      2.19%
WARNING: 72 sequences contain more than 50% gaps/ambiguity
****  TOTAL                         45.75%  63 sequences failed composition chi2 test (p-value<5%; df=3)
NOTE: Viburnum_carlesii is identical to Viburnum_bitchiuense but kept for subsequent analysis
NOTE: Viburnum_lautum is identical to Viburnum_jucundum but kept for subsequent analysis
NOTE: Viburnum_rafinesquianum is identical to Viburnum_bracteatum but kept for subsequent analysis
NOTE: Viburnum_oliganthum is identical to Viburnum_brevitubum but kept for subsequent analysis
NOTE: Viburnum_rhytidophyllum is identical to Viburnum_chinshanense but kept for subsequent analysis
NOTE: Viburnum_suspensum is identical to Viburnum_farreri but kept for subsequent analysis
NOTE: Viburnum_ichangense is identical to Viburnum_flavescens but kept for subsequent analysis
NOTE: Viburnum_setigerum is identical to Viburnum_fordiae but kept for subsequent analysis
NOTE: Viburnum_vernicosum is identical to Viburnum_hispidulum but kept for subsequent analysis
NOTE: Viburnum_melanocarpum is identical to Viburnum_integrifolium but kept for subsequent analysis
NOTE: Viburnum_triphyllum is identical to Viburnum_jamesonii but kept for subsequent analysis
NOTE: Viburnum_stenocalyx is identical to Viburnum_microphyllum but kept for subsequent analysis
NOTE: Viburnum_schensianum is identical to Viburnum_mongolicum but kept for subsequent analysis
NOTE: Viburnum_urceolatum is identical to Viburnum_taiwanianum but kept for subsequent analysis
NOTE: 4 identical sequences (see below) will be ignored for subsequent analysis
NOTE: Viburnum_lantana (identical to Viburnum_bitchiuense) is ignored but added at the end
NOTE: Viburnum_lobophyllum (identical to Viburnum_flavescens) is ignored but added at the end
NOTE: Viburnum_tashiroi (identical to Viburnum_integrifolium) is ignored but added at the end
NOTE: Viburnum_undulatum (identical to Viburnum_jamesonii) is ignored but added at the end

For your convenience alignment with unique sequences printed to concatenated.fasta.uniqueseq.phy


Create initial parsimony tree by phylogenetic likelihood library (PLL)... 0.010 seconds
NOTE: ModelFinder requires 15 MB RAM!
ModelFinder will test 286 DNA models (sample size: 3217) ...
 No. Model         -LnL         df  AIC          AICc         BIC
Measuring multi-threading efficiency up to 36 CPU cores
Increase to 10 rounds for branch lengths
1214 trees examined
Threads: 1 / Time: 36.030 sec / Speedup: 1.000 / Efficiency: 100% / LogL: -16808
Threads: 2 / Time: 35.874 sec / Speedup: 1.004 / Efficiency: 50% / LogL: -16808
Threads: 3 / Time: 29.106 sec / Speedup: 1.238 / Efficiency: 41% / LogL: -16808
BEST NUMBER OF THREADS: 1

  1  JC            8811.292     227 18076.584    18111.215    19455.882
  2  JC+I          8698.740     228 17853.479    17888.427    19238.854
  3  JC+G4         8683.994     228 17823.988    17858.936    19209.363
  4  JC+I+G4       8651.475     229 17760.950    17796.216    19152.401
  5  JC+R2         8632.459     229 17722.918    17758.184    19114.369
  6  JC+R3         8610.658     231 17683.316    17719.224    19086.919
  7  JC+R4         8603.189     233 17672.379    17708.934    19088.134
 14  F81+F         8713.578     230 17887.157    17922.743    19284.684
 15  F81+F+I       8602.356     231 17666.713    17702.620    19070.316
 16  F81+F+G4      8587.310     231 17636.621    17672.528    19040.224
 17  F81+F+I+G4    8554.463     232 17572.927    17609.157    18982.606
 18  F81+F+R2      8536.303     232 17536.607    17572.837    18946.286
 19  F81+F+R3      8513.904     234 17495.808    17532.689    18917.640
 20  F81+F+R4      8506.933     236 17485.866    17523.405    18919.851
 27  K2P           8788.006     228 18032.011    18066.959    19417.386
 28  K2P+I         8683.390     229 17824.779    17860.045    19216.230
 29  K2P+G4        8666.676     229 17791.352    17826.618    19182.803
 30  K2P+I+G4      8644.888     230 17749.776    17785.362    19147.303
 31  K2P+R2        8608.737     230 17677.475    17713.061    19075.002
 32  K2P+R3        8585.862     232 17635.724    17671.955    19045.403
 33  K2P+R4        8578.757     234 17625.513    17662.395    19047.345
 40  HKY+F         8686.944     231 17835.887    17871.795    19239.490
 41  HKY+F+I       8584.354     232 17632.708    17668.939    19042.388
 42  HKY+F+G4      8567.105     232 17598.211    17634.442    19007.890
 43  HKY+F+I+G4    8547.280     233 17560.561    17597.116    18976.316
 44  HKY+F+R2      8508.989     233 17483.978    17520.533    18899.734
 45  HKY+F+R3      8486.245     235 17442.490    17479.699    18870.398
 46  HKY+F+R4      8479.270     237 17432.539    17470.408    18872.600
 53  TNe           8787.744     229 18033.489    18068.755    19424.940
 54  TNe+I         8683.353     230 17826.705    17862.291    19224.232
 55  TNe+G4        8666.540     230 17793.080    17828.666    19190.607
 56  TNe+I+G4      8644.900     231 17751.800    17787.708    19155.403
 57  TNe+R2        8608.329     231 17678.659    17714.566    19082.262
 58  TNe+R3        8585.306     233 17636.613    17673.168    19052.369
 59  TNe+R4        8578.137     235 17626.274    17663.483    19054.182
 66  TN+F          8685.261     232 17834.523    17870.753    19244.202
 67  TN+F+I        8583.460     233 17632.919    17669.475    19048.675
 68  TN+F+G4       8565.682     233 17597.365    17633.920    19013.120
 69  TN+F+I+G4     8546.737     234 17561.474    17598.355    18983.306
 70  TN+F+R2       8506.803     234 17481.607    17518.488    18903.439
 71  TN+F+R3       8483.841     236 17439.682    17477.220    18873.666
 72  TN+F+R4       8476.731     238 17429.461    17467.663    18875.598
 79  K3P           8787.852     229 18033.703    18068.969    19425.154
 80  K3P+I         8682.472     230 17824.943    17860.529    19222.470
 81  K3P+G4        8666.004     230 17792.009    17827.595    19189.536
 82  K3P+I+G4      8643.381     231 17748.761    17784.669    19152.365
 83  K3P+R2        8608.630     231 17679.261    17715.168    19082.864
 84  K3P+R3        8585.609     233 17637.219    17673.774    19052.974
 85  K3P+R4        8578.422     235 17626.843    17664.052    19054.751
 92  K3Pu+F        8686.218     232 17836.437    17872.667    19246.116
 93  K3Pu+F+I      8582.783     233 17631.566    17668.121    19047.321
 94  K3Pu+F+G4     8565.734     233 17597.468    17634.023    19013.223
 95  K3Pu+F+I+G4   8544.957     234 17557.914    17594.795    18979.746
 96  K3Pu+F+R2     8508.422     234 17484.843    17521.724    18906.675
 97  K3Pu+F+R3     8485.620     236 17443.240    17480.778    18877.224
 98  K3Pu+F+R4     8478.591     238 17433.182    17471.384    18879.319
105  TPM2+F        8686.933     232 17837.866    17874.097    19247.545
106  TPM2+F+I      8583.898     233 17633.796    17670.351    19049.552
107  TPM2+F+G4     8566.803     233 17599.607    17636.162    19015.363
108  TPM2+F+I+G4   8545.937     234 17559.875    17596.756    18981.707
109  TPM2+F+R2     8508.985     234 17485.969    17522.851    18907.801
110  TPM2+F+R3     8486.035     236 17444.071    17481.609    18878.055
111  TPM2+F+R4     8478.947     238 17433.893    17472.094    18880.030
118  TPM2u+F       8686.933     232 17837.866    17874.096    19247.545
119  TPM2u+F+I     8583.899     233 17633.798    17670.353    19049.553
120  TPM2u+F+G4    8566.804     233 17599.609    17636.164    19015.365
121  TPM2u+F+I+G4  8545.949     234 17559.897    17596.778    18981.729
122  TPM2u+F+R2    8508.985     234 17485.971    17522.852    18907.803
123  TPM2u+F+R3    8486.009     236 17444.017    17481.555    18878.001
124  TPM2u+F+R4    8478.913     238 17433.826    17472.027    18879.962
131  TPM3+F        8686.764     232 17837.529    17873.759    19247.208
132  TPM3+F+I      8584.222     233 17634.444    17670.999    19050.200
133  TPM3+F+G4     8566.928     233 17599.856    17636.411    19015.612
134  TPM3+F+I+G4   8545.386     234 17558.772    17595.653    18980.603
135  TPM3+F+R2     8508.994     234 17485.988    17522.870    18907.820
136  TPM3+F+R3     8486.040     236 17444.079    17481.618    18878.064
137  TPM3+F+R4     8478.980     238 17433.961    17472.162    18880.097
144  TPM3u+F       8686.764     232 17837.529    17873.759    19247.208
145  TPM3u+F+I     8584.222     233 17634.445    17671.000    19050.200
146  TPM3u+F+G4    8566.929     233 17599.857    17636.412    19015.613
147  TPM3u+F+I+G4  8545.395     234 17558.789    17595.670    18980.621
148  TPM3u+F+R2    8508.994     234 17485.989    17522.870    18907.821
149  TPM3u+F+R3    8486.016     236 17444.033    17481.571    18878.017
150  TPM3u+F+R4    8478.954     238 17433.908    17472.110    18880.045
157  TIMe          8787.589     230 18035.178    18070.764    19432.705
158  TIMe+I        8682.437     231 17826.875    17862.782    19230.478
159  TIMe+G4       8665.870     231 17793.740    17829.647    19197.343
160  TIMe+I+G4     8643.436     232 17750.871    17787.102    19160.551
161  TIMe+R2       8608.225     232 17680.450    17716.680    19090.129
162  TIMe+R3       8584.996     234 17637.992    17674.874    19059.824
163  TIMe+R4       8577.754     236 17627.507    17665.045    19061.491
170  TIM+F         8684.534     233 17835.069    17871.624    19250.824
171  TIM+F+I       8581.904     234 17631.808    17668.689    19053.640
172  TIM+F+G4      8564.322     234 17596.644    17633.525    19018.476
173  TIM+F+I+G4    8544.439     235 17558.878    17596.087    18986.786
174  TIM+F+R2      8506.243     235 17482.485    17519.694    18910.393
175  TIM+F+R3      8483.141     237 17440.282    17478.151    18880.342
176  TIM+F+R4      8475.999     239 17429.998    17468.533    18882.211
183  TIM2e         8787.288     230 18034.576    18070.162    19432.103
184  TIM2e+I       8683.267     231 17828.533    17864.441    19232.136
185  TIM2e+G4      8666.344     231 17794.689    17830.596    19198.292
186  TIM2e+I+G4    8644.894     232 17753.787    17790.018    19163.467
187  TIM2e+R2      8607.354     232 17678.709    17714.939    19088.388
188  TIM2e+R3      8583.745     234 17635.490    17672.372    19057.322
189  TIM2e+R4      8576.273     236 17624.546    17662.085    19058.531
196  TIM2+F        8685.248     233 17836.496    17873.051    19252.251
197  TIM2+F+I      8583.073     234 17634.147    17671.028    19055.979
198  TIM2+F+G4     8565.443     234 17598.886    17635.767    19020.718
199  TIM2+F+I+G4   8545.454     235 17560.908    17598.117    18988.816
200  TIM2+F+R2     8506.793     235 17483.587    17520.796    18911.495
201  TIM2+F+R3     8483.520     237 17441.041    17478.910    18881.101
202  TIM2+F+R4     8476.299     239 17430.599    17469.134    18882.812
209  TIM3e         8783.265     230 18026.529    18062.115    19424.056
210  TIM3e+I       8681.198     231 17824.396    17860.304    19227.999
211  TIM3e+G4      8664.298     231 17790.596    17826.503    19194.199
212  TIM3e+I+G4    8644.912     232 17753.823    17790.054    19163.503
213  TIM3e+R2      8605.021     232 17674.043    17710.274    19083.722
214  TIM3e+R3      8581.657     234 17631.314    17668.195    19053.145
215  TIM3e+R4      8574.380     236 17620.761    17658.299    19054.745
222  TIM3+F        8685.087     233 17836.175    17872.730    19251.930
223  TIM3+F+I      8583.281     234 17634.562    17671.444    19056.394
224  TIM3+F+G4     8565.423     234 17598.845    17635.727    19020.677
225  TIM3+F+I+G4   8544.783     235 17559.566    17596.775    18987.474
226  TIM3+F+R2     8506.807     235 17483.614    17520.823    18911.522
227  TIM3+F+R3     8483.552     237 17441.105    17478.974    18881.165
228  TIM3+F+R4     8476.377     239 17430.755    17469.290    18882.967
235  TVMe          8782.466     231 18026.933    18062.840    19430.536
236  TVMe+I        8680.102     232 17824.205    17860.435    19233.884
237  TVMe+G4       8663.365     232 17790.729    17826.960    19200.409
238  TVMe+I+G4     8643.353     233 17752.706    17789.261    19168.462
239  TVMe+R2       8603.978     233 17673.956    17710.511    19089.711
240  TVMe+R3       8580.332     235 17630.664    17667.873    19058.573
241  TVMe+R4       8572.839     237 17619.677    17657.546    19059.738
248  TVM+F         8685.926     234 17839.852    17876.733    19261.684
249  TVM+F+I       8582.460     235 17634.920    17672.129    19062.828
250  TVM+F+G4      8565.471     235 17600.943    17638.152    19028.851
251  TVM+F+I+G4    8542.217     236 17556.434    17593.973    18990.419
252  TVM+F+R2      8508.346     236 17488.692    17526.230    18922.676
253  TVM+F+R3      8485.194     238 17446.388    17484.589    18892.524
254  TVM+F+R4      8478.065     240 17436.130    17475.001    18894.419
261  SYM           8782.236     232 18028.472    18064.703    19438.152
262  SYM+I         8680.077     233 17826.155    17862.710    19241.910
263  SYM+G4        8663.266     233 17792.531    17829.087    19208.287
264  SYM+I+G4      8643.369     234 17754.739    17791.620    19176.571
265  SYM+R2        8603.593     234 17675.185    17712.066    19097.017
266  SYM+R3        8579.855     236 17631.709    17669.247    19065.693
267  SYM+R4        8572.307     238 17620.613    17658.815    19066.750
274  GTR+F         8684.252     235 17838.504    17875.713    19266.412
275  GTR+F+I       8581.599     236 17635.199    17672.737    19069.183
276  GTR+F+G4      8564.049     236 17600.099    17637.637    19034.083
277  GTR+F+I+G4    8541.661     237 17557.322    17595.191    18997.382
278  GTR+F+R2      8506.154     237 17486.307    17524.177    18926.368
279  GTR+F+R3      8482.816     239 17443.633    17482.168    18895.846
280  GTR+F+R4      8475.566     241 17433.131    17472.339    18897.497
Akaike Information Criterion:           TN+F+R4
Corrected Akaike Information Criterion: TN+F+R4
Bayesian Information Criterion:         HKY+F+R3
Best-fit model: HKY+F+R3 chosen according to BIC

All model information printed to concatenated.fasta.model.gz
CPU time for ModelFinder: 223.506 seconds (0h:3m:43s)
Wall-clock time for ModelFinder: 128.680 seconds (0h:2m:8s)

NOTE: 4 MB RAM (0 GB) is required!
Measuring multi-threading efficiency up to 36 CPU cores
Increase to 10 rounds for branch lengths
599 trees examined
Threads: 1 / Time: 36.016 sec / Speedup: 1.000 / Efficiency: 100% / LogL: -15386
Threads: 2 / Time: 27.037 sec / Speedup: 1.332 / Efficiency: 67% / LogL: -15386
Threads: 3 / Time: 25.646 sec / Speedup: 1.404 / Efficiency: 47% / LogL: -15386
BEST NUMBER OF THREADS: 2

Estimate model parameters (epsilon = 0.100)
1. Initial log-likelihood: -8684.268
2. Current log-likelihood: -8595.287
3. Current log-likelihood: -8582.131
4. Current log-likelihood: -8570.885
5. Current log-likelihood: -8561.654
6. Current log-likelihood: -8553.370
7. Current log-likelihood: -8547.496
8. Current log-likelihood: -8540.986
9. Current log-likelihood: -8534.266
10. Current log-likelihood: -8528.314
11. Current log-likelihood: -8523.685
12. Current log-likelihood: -8520.324
13. Current log-likelihood: -8517.876
14. Current log-likelihood: -8515.975
15. Current log-likelihood: -8514.369
16. Current log-likelihood: -8512.914
17. Current log-likelihood: -8511.539
18. Current log-likelihood: -8510.213
19. Current log-likelihood: -8508.925
20. Current log-likelihood: -8507.671
21. Current log-likelihood: -8506.453
22. Current log-likelihood: -8505.272
23. Current log-likelihood: -8504.131
24. Current log-likelihood: -8503.033
25. Current log-likelihood: -8501.981
26. Current log-likelihood: -8500.999
27. Current log-likelihood: -8500.056
28. Current log-likelihood: -8499.160
29. Current log-likelihood: -8498.313
30. Current log-likelihood: -8497.514
31. Current log-likelihood: -8496.764
32. Current log-likelihood: -8496.060
33. Current log-likelihood: -8495.403
34. Current log-likelihood: -8494.790
35. Current log-likelihood: -8494.220
36. Current log-likelihood: -8493.690
37. Current log-likelihood: -8493.199
38. Current log-likelihood: -8492.744
39. Current log-likelihood: -8492.323
40. Current log-likelihood: -8491.933
41. Current log-likelihood: -8491.573
42. Current log-likelihood: -8491.240
43. Current log-likelihood: -8490.933
44. Current log-likelihood: -8490.648
45. Current log-likelihood: -8490.385
46. Current log-likelihood: -8490.142
47. Current log-likelihood: -8489.917
48. Current log-likelihood: -8489.709
49. Current log-likelihood: -8489.516
50. Current log-likelihood: -8489.338
51. Current log-likelihood: -8489.172
52. Current log-likelihood: -8489.018
53. Current log-likelihood: -8488.876
54. Current log-likelihood: -8488.743
55. Current log-likelihood: -8488.619
56. Current log-likelihood: -8488.505
57. Current log-likelihood: -8488.398
Optimal log-likelihood: -8488.296
Rate parameters:  A-C: 1.00000  A-G: 1.83923  A-T: 1.00000  C-G: 1.00000  C-T: 1.83923  G-T: 1.00000
Base frequencies:  A: 0.289  C: 0.185  G: 0.229  T: 0.297
Site proportion and rates:  (0.934,0.461) (0.026,1.683) (0.040,13.027)
Parameters optimization took 57 rounds (3.192 sec)
Computing ML distances based on estimated model parameters... 0.070 sec
WARNING: Some pairwise ML distances are too long (saturated)
Computing BIONJ tree...
0.006 seconds
Log-likelihood of BIONJ tree: -8761.312
--------------------------------------------------------------------
|             INITIALIZING CANDIDATE TREE SET                      |
--------------------------------------------------------------------
Generating 98 parsimony trees... 1.084 second
Computing log-likelihood of 98 initial trees ... 1.276 seconds
Current best score: -8462.881

Do NNI search on 20 best initial trees
Estimate model parameters (epsilon = 0.100)
BETTER TREE FOUND at iteration 1: -8455.046
Estimate model parameters (epsilon = 0.100)
BETTER TREE FOUND at iteration 2: -8453.676
Iteration 10 / LogL: -8462.419 / Time: 0h:1m:36s
Estimate model parameters (epsilon = 0.100)
BETTER TREE FOUND at iteration 13: -8450.870
Iteration 20 / LogL: -8479.683 / Time: 0h:1m:38s
Finish initializing candidate tree set (20)
Current best tree score: -8450.870 / CPU time: 6.089
Number of iterations: 20
--------------------------------------------------------------------
|               OPTIMIZING CANDIDATE TREE SET                      |
--------------------------------------------------------------------
Estimate model parameters (epsilon = 0.100)
BETTER TREE FOUND at iteration 25: -8450.815
Estimate model parameters (epsilon = 0.100)
BETTER TREE FOUND at iteration 28: -8449.790
Iteration 30 / LogL: -8458.070 / Time: 0h:1m:40s (0h:5m:38s left)
Iteration 40 / LogL: -8452.429 / Time: 0h:1m:41s (0h:3m:49s left)
Iteration 50 / LogL: -8458.697 / Time: 0h:1m:44s (0h:2m:45s left)
Iteration 60 / LogL: -8454.400 / Time: 0h:1m:46s (0h:2m:2s left)
Estimate model parameters (epsilon = 0.100)
BETTER TREE FOUND at iteration 67: -8449.757
Iteration 70 / LogL: -8516.080 / Time: 0h:1m:48s (0h:2m:31s left)
Estimate model parameters (epsilon = 0.100)
BETTER TREE FOUND at iteration 75: -8449.737
Iteration 80 / LogL: -8451.769 / Time: 0h:1m:50s (0h:2m:12s left)
Iteration 90 / LogL: -8449.789 / Time: 0h:1m:51s (0h:1m:46s left)
Iteration 100 / LogL: -8468.454 / Time: 0h:1m:53s (0h:1m:25s left)
Iteration 110 / LogL: -8450.461 / Time: 0h:1m:55s (0h:1m:8s left)
Iteration 120 / LogL: -8449.775 / Time: 0h:1m:56s (0h:0m:53s left)
Iteration 130 / LogL: -8450.188 / Time: 0h:1m:58s (0h:0m:41s left)
Estimate model parameters (epsilon = 0.100)
BETTER TREE FOUND at iteration 139: -8448.776
Estimate model parameters (epsilon = 0.100)
BETTER TREE FOUND at iteration 140: -8448.244
Iteration 140 / LogL: -8448.244 / Time: 0h:2m:0s (0h:1m:26s left)
Iteration 150 / LogL: -8448.272 / Time: 0h:2m:2s (0h:1m:13s left)
Estimate model parameters (epsilon = 0.100)
BETTER TREE FOUND at iteration 154: -8448.025
Iteration 160 / LogL: -8459.991 / Time: 0h:2m:3s (0h:1m:13s left)
Iteration 170 / LogL: -8456.474 / Time: 0h:2m:5s (0h:1m:2s left)
Iteration 180 / LogL: -8450.953 / Time: 0h:2m:7s (0h:0m:52s left)
Iteration 190 / LogL: -8448.240 / Time: 0h:2m:8s (0h:0m:43s left)
Iteration 200 / LogL: -8450.833 / Time: 0h:2m:10s (0h:0m:35s left)
Iteration 210 / LogL: -8448.223 / Time: 0h:2m:12s (0h:0m:27s left)
Iteration 220 / LogL: -8465.299 / Time: 0h:2m:13s (0h:0m:20s left)
Iteration 230 / LogL: -8452.075 / Time: 0h:2m:15s (0h:0m:14s left)
Iteration 240 / LogL: -8464.867 / Time: 0h:2m:16s (0h:0m:8s left)
Estimate model parameters (epsilon = 0.100)
BETTER TREE FOUND at iteration 242: -8447.151
BETTER TREE FOUND at iteration 248: -8447.147
Iteration 250 / LogL: -8449.121 / Time: 0h:2m:18s (0h:0m:54s left)
BETTER TREE FOUND at iteration 255: -8447.144
Iteration 260 / LogL: -8448.180 / Time: 0h:2m:19s (0h:0m:51s left)
Iteration 270 / LogL: -8448.035 / Time: 0h:2m:21s (0h:0m:44s left)
Estimate model parameters (epsilon = 0.100)
BETTER TREE FOUND at iteration 274: -8447.097
Iteration 280 / LogL: -8449.943 / Time: 0h:2m:23s (0h:0m:48s left)
Iteration 290 / LogL: -8448.182 / Time: 0h:2m:24s (0h:0m:42s left)
BETTER TREE FOUND at iteration 292: -8447.095
Iteration 300 / LogL: -8448.381 / Time: 0h:2m:26s (0h:0m:45s left)
Iteration 310 / LogL: -8454.796 / Time: 0h:2m:28s (0h:0m:39s left)
Iteration 320 / LogL: -8452.283 / Time: 0h:2m:29s (0h:0m:33s left)
Estimate model parameters (epsilon = 0.100)
BETTER TREE FOUND at iteration 323: -8446.973
Iteration 330 / LogL: -8447.029 / Time: 0h:2m:31s (0h:0m:42s left)
Iteration 340 / LogL: -8448.071 / Time: 0h:2m:32s (0h:0m:37s left)
Iteration 350 / LogL: -8490.135 / Time: 0h:2m:34s (0h:0m:32s left)
Iteration 360 / LogL: -8447.030 / Time: 0h:2m:36s (0h:0m:27s left)
Iteration 370 / LogL: -8454.076 / Time: 0h:2m:37s (0h:0m:22s left)
Iteration 380 / LogL: -8454.324 / Time: 0h:2m:39s (0h:0m:18s left)
BETTER TREE FOUND at iteration 383: -8446.973
Iteration 390 / LogL: -8447.006 / Time: 0h:2m:40s (0h:0m:38s left)
Iteration 400 / LogL: -8453.931 / Time: 0h:2m:42s (0h:0m:33s left)
Iteration 410 / LogL: -8446.974 / Time: 0h:2m:43s (0h:0m:29s left)
BETTER TREE FOUND at iteration 415: -8446.970
Iteration 420 / LogL: -8448.577 / Time: 0h:2m:45s (0h:0m:37s left)
Iteration 430 / LogL: -8447.011 / Time: 0h:2m:46s (0h:0m:33s left)
Iteration 440 / LogL: -8478.601 / Time: 0h:2m:48s (0h:0m:28s left)
Iteration 450 / LogL: -8448.612 / Time: 0h:2m:50s (0h:0m:24s left)
BETTER TREE FOUND at iteration 451: -8446.968
Iteration 460 / LogL: -8446.971 / Time: 0h:2m:51s (0h:0m:34s left)
Iteration 470 / LogL: -8465.331 / Time: 0h:2m:53s (0h:0m:29s left)
Iteration 480 / LogL: -8476.986 / Time: 0h:2m:54s (0h:0m:25s left)
Iteration 490 / LogL: -8453.519 / Time: 0h:2m:56s (0h:0m:22s left)
Iteration 500 / LogL: -8464.197 / Time: 0h:2m:57s (0h:0m:18s left)
Iteration 510 / LogL: -8448.635 / Time: 0h:2m:59s (0h:0m:14s left)
Iteration 520 / LogL: -8488.173 / Time: 0h:3m:1s (0h:0m:10s left)
Iteration 530 / LogL: -8455.968 / Time: 0h:3m:2s (0h:0m:7s left)
Iteration 540 / LogL: -8454.291 / Time: 0h:3m:4s (0h:0m:3s left)
Iteration 550 / LogL: -8447.015 / Time: 0h:3m:5s (0h:0m:0s left)
TREE SEARCH COMPLETED AFTER 552 ITERATIONS / Time: 0h:3m:5s

--------------------------------------------------------------------
|                    FINALIZING TREE SEARCH                        |
--------------------------------------------------------------------
Performs final model parameters optimization
Estimate model parameters (epsilon = 0.010)
1. Initial log-likelihood: -8446.968
2. Current log-likelihood: -8446.951
Optimal log-likelihood: -8446.948
Rate parameters:  A-C: 1.00000  A-G: 1.86182  A-T: 1.00000  C-G: 1.00000  C-T: 1.86182  G-T: 1.00000
Base frequencies:  A: 0.289  C: 0.185  G: 0.229  T: 0.297
Site proportion and rates:  (0.945,0.485) (0.017,0.703) (0.039,13.687)
Parameters optimization took 2 rounds (0.103 sec)
BEST SCORE FOUND : -8446.948
Total tree length: 0.633

Total number of iterations: 552
CPU time used for tree search: 186.417 sec (0h:3m:6s)
Wall-clock time used for tree search: 93.935 sec (0h:1m:33s)
Total CPU time used: 359.903 sec (0h:5m:59s)
Total wall-clock time used: 186.008 sec (0h:3m:6s)

Analysis results written to: 
  IQ-TREE report:                concatenated.fasta.iqtree
  Maximum-likelihood tree:       concatenated.fasta.treefile
  Likelihood distances:          concatenated.fasta.mldist
  Screen log file:               concatenated.fasta.log

Date and Time: Sun Nov 29 20:22:52 2020
