IQ-TREE multicore version 1.6.12 for Linux 64-bit built Aug 15 2019
Developed by Bui Quang Minh, Nguyen Lam Tung, Olga Chernomor,
Heiko Schmidt, Dominik Schrempf, Michael Woodhams.

Host:    p09r13n20.grace.hpc.yale.internal (AVX512, FMA3, 187 GB RAM)
Command: iqtree -s matK_aligned.fasta -nt AUTO
Seed:    297688 (Using SPRNG - Scalable Parallel Random Number Generator)
Time:    Sun Nov 29 17:26:08 2020
Kernel:  AVX+FMA - auto-detect threads (36 CPU cores detected)

Reading alignment file matK_aligned.fasta ... Fasta format detected
Alignment most likely contains DNA/RNA sequences
Alignment has 57 sequences with 1789 columns, 278 distinct patterns
360 parsimony-informative, 212 singleton sites, 1217 constant sites
                          Gap/Ambiguity  Composition  p-value
   1  Viburnum_acerifolium        6.09%    failed      0.17%
   2  Viburnum_acutifolium       58.41%    failed      0.43%
   3  Viburnum_adenophorum       37.84%    passed     98.17%
   4  Viburnum_amplificatum      37.84%    passed     99.98%
   5  Viburnum_amplifolium       41.14%    passed     99.75%
   6  Viburnum_annamensis        37.84%    passed     98.96%
   7  Viburnum_awabuki           37.84%    passed     94.55%
   8  Viburnum_beccarii          37.73%    passed     99.02%
   9  Viburnum_betulifolium      38.90%    passed     99.44%
  10  Viburnum_bitchiuense       35.94%    passed     98.23%
  11  Viburnum_blandum           36.00%    passed     99.34%
  12  Viburnum_calvum            35.94%    passed     99.21%
  13  Viburnum_carlesii          35.94%    passed     98.23%
  14  Viburnum_cassinoides       37.40%    passed     99.07%
  15  Viburnum_caudatum          35.94%    passed     99.79%
  16  Viburnum_chingii           47.90%    passed     99.25%
  17  Viburnum_cinnamomifolium   35.94%    passed     99.39%
  18  Viburnum_clemensiae        35.94%    passed     99.63%
  19  Viburnum_clemensae         58.92%    failed      0.64%
  20  Viburnum_cotinifolium      37.45%    passed     98.71%
  21  Viburnum_cylindricum       35.94%    passed     98.20%
  22  Viburnum_davidii           36.00%    passed     99.77%
  23  Viburnum_dentatum          35.94%    passed     99.52%
  24  Viburnum_dilatatum         35.94%    passed     99.10%
  25  Viburnum_edule             35.94%    passed     98.90%
  26  Viburnum_ellipticum        35.94%    passed     97.78%
  27  Viburnum_erosum            40.92%    passed     97.88%
  28  Viburnum_erubesens         35.94%    passed     98.52%
  29  Viburnum_foetens           37.23%    passed     98.21%
  30  Viburnum_foetidum          35.94%    passed     99.32%
  31  Viburnum_formosanum        37.28%    passed     99.04%
  32  Viburnum_furcatum          36.44%    passed     99.90%
  33  Viburnum_glomeratum        41.14%    passed     94.36%
  34  Viburnum_hallii            40.92%    passed     99.20%
  35  Viburnum_hartwegii         35.94%    passed     99.52%
  36  Viburnum_henryi            37.84%    passed     98.88%
  37  Viburnum_hupehense         42.87%    passed     97.10%
  38  Viburnum_japonicum         35.94%    passed     99.10%
  39  Viburnum_jucundum          35.94%    passed     98.91%
  40  Viburnum_lantana           35.94%    passed     98.23%
  41  Viburnum_lantanoides       36.44%    passed     99.73%
  42  Viburnum_lautum            35.94%    passed     98.91%
  43  Viburnum_lentago           35.94%    passed     99.63%
  44  Viburnum_lutescens         37.84%    passed     98.38%
  45  Viburnum_luzonicum         36.78%    passed     99.11%
  46  Viburnum_molle             35.94%    passed     98.88%
  47  Viburnum_opulus            40.92%    passed     93.33%
  48  Viburnum_parvifolium       37.73%    passed     99.44%
  49  Viburnum_propinquum        35.94%    passed     99.05%
  50  Viburnum_prunifolium       35.94%    passed     99.63%
  51  Viburnum_rigidum           35.94%    passed     99.28%
  52  Viburnum_sambucinum        38.07%    passed     99.42%
  53  Viburnum_sieboldii         35.94%    passed     98.46%
  54  Viburnum_tinus             35.94%    passed     99.28%
  55  Viburnum_utile             41.14%    passed     92.91%
  56  Viburnum_wrightii          35.94%    passed     99.10%
  57  Viburnum_yunnanense        41.14%    passed     99.71%
WARNING: 2 sequences contain more than 50% gaps/ambiguity
****  TOTAL                      37.66%  3 sequences failed composition chi2 test (p-value<5%; df=3)
NOTE: Viburnum_carlesii is identical to Viburnum_bitchiuense but kept for subsequent analysis
NOTE: Viburnum_hartwegii is identical to Viburnum_dentatum but kept for subsequent analysis
NOTE: Viburnum_japonicum is identical to Viburnum_dilatatum but kept for subsequent analysis
NOTE: Viburnum_lautum is identical to Viburnum_jucundum but kept for subsequent analysis
NOTE: Viburnum_tinus is identical to Viburnum_rigidum but kept for subsequent analysis
NOTE: 2 identical sequences (see below) will be ignored for subsequent analysis
NOTE: Viburnum_lantana (identical to Viburnum_bitchiuense) is ignored but added at the end
NOTE: Viburnum_wrightii (identical to Viburnum_dilatatum) is ignored but added at the end

For your convenience alignment with unique sequences printed to matK_aligned.fasta.uniqueseq.phy


Create initial parsimony tree by phylogenetic likelihood library (PLL)... 0.003 seconds
NOTE: ModelFinder requires 5 MB RAM!
ModelFinder will test 286 DNA models (sample size: 1789) ...
 No. Model         -LnL         df  AIC          AICc         BIC
Measuring multi-threading efficiency up to 36 CPU cores
Increase to 10 rounds for branch lengths
5732 trees examined
Threads: 1 / Time: 36.002 sec / Speedup: 1.000 / Efficiency: 100% / LogL: -8077
Threads: 2 / Time: 35.316 sec / Speedup: 1.019 / Efficiency: 51% / LogL: -8077
Threads: 3 / Time: 36.060 sec / Speedup: 0.998 / Efficiency: 33% / LogL: -8077
BEST NUMBER OF THREADS: 1

  1  JC            4833.310     107 9880.620     9894.369     10467.987
  2  JC+I          4828.479     108 9872.957     9886.971     10465.814
  3  JC+G4         4823.784     108 9863.569     9877.583     10456.425
  4  JC+I+G4       4826.214     109 9870.429     9884.711     10468.775
  5  JC+R2         4825.470     109 9868.940     9883.223     10467.286
  6  JC+R3         4821.846     111 9865.692     9880.518     10475.017
 14  F81+F         4712.419     110 9644.837     9659.390     10248.673
 15  F81+F+I       4709.103     111 9640.207     9655.033     10249.531
 16  F81+F+G4      4704.951     111 9631.903     9646.729     10241.227
 17  F81+F+I+G4    4708.091     112 9640.182     9655.284     10254.996
 18  F81+F+R2      4706.194     112 9636.387     9651.490     10251.201
 19  F81+F+R3      4702.155     114 9632.310     9647.973     10258.103
 27  K2P           4805.349     108 9826.699     9840.713     10419.555
 28  K2P+I         4803.330     109 9824.659     9838.941     10423.005
 29  K2P+G4        4798.946     109 9815.892     9830.174     10414.238
 30  K2P+I+G4      4801.989     110 9823.978     9838.531     10427.813
 31  K2P+R2        4799.858     110 9819.716     9834.269     10423.552
 32  K2P+R3        4793.072     112 9810.144     9825.246     10424.958
 40  HKY+F         4670.653     111 9563.305     9578.132     10172.630
 41  HKY+F+I       4670.338     112 9564.677     9579.779     10179.491
 42  HKY+F+G4      4666.879     112 9557.759     9572.861     10172.573
 43  HKY+F+I+G4    4669.930     113 9565.860     9581.241     10186.163
 44  HKY+F+R2      4667.280     113 9560.560     9575.942     10180.864
 45  HKY+F+R3      4659.253     115 9548.506     9564.454     10179.788
 46  HKY+F+R4      4659.052     117 9552.104     9568.628     10194.365
 53  TNe           4805.277     109 9828.554     9842.836     10426.900
 54  TNe+I         4803.241     110 9826.482     9841.035     10430.317
 55  TNe+G4        4798.829     110 9817.659     9832.212     10421.494
 56  TNe+I+G4      4800.348     111 9822.695     9837.522     10432.020
 57  TNe+R2        4799.615     111 9821.230     9836.057     10430.555
 58  TNe+R3        4792.239     113 9810.478     9825.860     10430.782
 66  TN+F          4670.435     112 9564.870     9579.973     10179.685
 67  TN+F+I        4670.139     113 9566.279     9581.660     10186.582
 68  TN+F+G4       4666.679     113 9559.359     9574.740     10179.662
 69  TN+F+I+G4     4669.260     114 9566.520     9582.183     10192.313
 70  TN+F+R2       4666.976     114 9561.952     9577.615     10187.745
 71  TN+F+R3       4658.736     116 9549.471     9565.706     10186.243
 72  TN+F+R4       4658.713     118 9553.427     9570.243     10201.177
 79  K3P           4804.096     109 9826.193     9840.475     10424.539
 80  K3P+I         4801.294     110 9822.588     9837.141     10426.423
 81  K3P+G4        4797.009     110 9814.018     9828.571     10417.853
 82  K3P+I+G4      4798.034     111 9818.069     9832.895     10427.393
 83  K3P+R2        4797.768     111 9817.536     9832.362     10426.861
 84  K3P+R3        4790.824     113 9807.648     9823.029     10427.951
 92  K3Pu+F        4664.078     112 9552.156     9567.259     10166.970
 93  K3Pu+F+I      4663.510     113 9553.020     9568.402     10173.324
 94  K3Pu+F+G4     4659.950     113 9545.901     9561.282     10166.204
 95  K3Pu+F+I+G4   4662.013     114 9552.025     9567.688     10177.818
 96  K3Pu+F+R2     4660.133     114 9548.266     9563.929     10174.059
 97  K3Pu+F+R3     4652.202     116 9536.404     9552.638     10173.175
 98  K3Pu+F+R4     4652.161     118 9540.322     9557.139     10188.073
105  TPM2+F        4668.715     112 9561.431     9576.533     10176.245
106  TPM2+F+I      4668.379     113 9562.758     9578.139     10183.061
107  TPM2+F+G4     4664.987     113 9555.973     9571.355     10176.277
108  TPM2+F+I+G4   4667.103     114 9562.206     9577.869     10187.999
109  TPM2+F+R2     4665.110     114 9558.221     9573.884     10184.014
110  TPM2+F+R3     4657.019     116 9546.039     9562.273     10182.810
111  TPM2+F+R4     4657.005     118 9550.011     9566.828     10197.762
118  TPM2u+F       4668.709     112 9561.418     9576.521     10176.232
119  TPM2u+F+I     4668.375     113 9562.749     9578.131     10183.053
120  TPM2u+F+G4    4664.984     113 9555.967     9571.349     10176.271
121  TPM2u+F+I+G4  4667.055     114 9562.109     9577.772     10187.902
122  TPM2u+F+R2    4665.054     114 9558.108     9573.772     10183.901
123  TPM2u+F+R3    4656.967     116 9545.934     9562.168     10182.706
124  TPM2u+F+R4    4656.939     118 9549.878     9566.695     10197.629
131  TPM3+F        4670.125     112 9564.250     9579.353     10179.065
132  TPM3+F+I      4669.723     113 9565.447     9580.828     10185.750
133  TPM3+F+G4     4665.966     113 9557.932     9573.313     10178.235
134  TPM3+F+I+G4   4667.979     114 9563.957     9579.620     10189.750
135  TPM3+F+R2     4665.977     114 9559.953     9575.616     10185.746
136  TPM3+F+R3     4657.789     116 9547.578     9563.813     10184.350
137  TPM3+F+R4     4657.778     118 9551.556     9568.373     10199.307
144  TPM3u+F       4670.124     112 9564.248     9579.351     10179.062
145  TPM3u+F+I     4669.722     113 9565.444     9580.825     10185.747
146  TPM3u+F+G4    4665.963     113 9557.926     9573.307     10178.229
147  TPM3u+F+I+G4  4667.929     114 9563.858     9579.521     10189.651
148  TPM3u+F+R2    4665.929     114 9559.858     9575.521     10185.651
149  TPM3u+F+R3    4657.761     116 9547.523     9563.757     10184.294
150  TPM3u+F+R4    4657.760     118 9551.520     9568.337     10199.271
157  TIMe          4804.054     110 9828.108     9842.661     10431.944
158  TIMe+I        4801.215     111 9824.430     9839.256     10433.755
159  TIMe+G4       4796.932     111 9815.864     9830.691     10425.189
160  TIMe+I+G4     4797.727     112 9819.453     9834.556     10434.268
161  TIMe+R2       4797.277     112 9818.555     9833.657     10433.369
162  TIMe+R3       4790.563     114 9809.126     9824.789     10434.919
170  TIM+F         4663.865     113 9553.729     9569.111     10174.033
171  TIM+F+I       4663.319     114 9554.638     9570.301     10180.431
172  TIM+F+G4      4659.757     114 9547.514     9563.177     10173.307
173  TIM+F+I+G4    4661.442     115 9552.884     9568.831     10184.166
174  TIM+F+R2      4659.522     115 9549.044     9564.991     10180.326
175  TIM+F+R3      4651.602     117 9537.204     9553.728     10179.465
176  TIM+F+R4      4651.585     119 9541.169     9558.281     10194.409
183  TIM2e         4805.252     110 9830.503     9845.056     10434.339
184  TIM2e+I       4803.162     111 9828.325     9843.151     10437.650
185  TIM2e+G4      4798.726     111 9819.452     9834.279     10428.777
186  TIM2e+I+G4    4799.661     112 9823.322     9838.424     10438.136
187  TIM2e+R2      4798.687     112 9821.374     9836.476     10436.188
188  TIM2e+R3      4791.730     114 9811.459     9827.122     10437.252
196  TIM2+F        4668.518     113 9563.036     9578.418     10183.340
197  TIM2+F+I      4668.226     114 9564.451     9580.114     10190.244
198  TIM2+F+G4     4664.855     114 9557.711     9573.374     10183.504
199  TIM2+F+I+G4   4666.508     115 9563.015     9578.962     10194.297
200  TIM2+F+R2     4664.354     115 9558.709     9574.656     10189.991
201  TIM2+F+R3     4656.451     117 9546.902     9563.426     10189.163
202  TIM2+F+R4     4656.434     119 9550.869     9567.981     10204.109
209  TIM3e         4804.105     110 9828.209     9842.762     10432.045
210  TIM3e+I       4802.105     111 9826.210     9841.036     10435.534
211  TIM3e+G4      4797.976     111 9817.951     9832.778     10427.276
212  TIM3e+I+G4    4798.825     112 9821.649     9836.752     10436.463
213  TIM3e+R2      4797.683     112 9819.366     9834.469     10434.180
214  TIM3e+R3      4790.935     114 9809.869     9825.533     10435.662
222  TIM3+F        4669.928     113 9565.856     9581.237     10186.159
223  TIM3+F+I      4669.552     114 9567.105     9582.768     10192.898
224  TIM3+F+G4     4665.736     114 9559.473     9575.136     10185.266
225  TIM3+F+I+G4   4667.306     115 9564.612     9580.560     10195.895
226  TIM3+F+R2     4664.924     115 9559.848     9575.796     10191.131
227  TIM3+F+R3     4657.230     117 9548.460     9564.984     10190.721
228  TIM3+F+R4     4657.217     119 9552.434     9569.546     10205.674
235  TVMe          4802.158     111 9826.315     9841.142     10435.640
236  TVMe+I        4799.276     112 9822.553     9837.655     10437.367
237  TVMe+G4       4795.257     112 9814.515     9829.617     10429.329
238  TVMe+I+G4     4795.874     113 9817.749     9833.130     10438.052
239  TVMe+R2       4794.892     113 9815.784     9831.165     10436.087
240  TVMe+R3       4788.721     115 9807.441     9823.388     10438.723
248  TVM+F         4663.806     114 9555.612     9571.275     10181.405
249  TVM+F+I       4663.208     115 9556.417     9572.364     10187.699
250  TVM+F+G4      4659.506     115 9549.012     9564.960     10180.295
251  TVM+F+I+G4    4660.873     116 9553.746     9569.980     10190.517
252  TVM+F+R2      4658.445     116 9548.890     9565.125     10185.662
253  TVM+F+R3      4651.322     118 9538.644     9555.461     10186.395
261  SYM           4802.092     112 9828.185     9843.288     10442.999
262  SYM+I         4799.166     113 9824.332     9839.713     10444.635
263  SYM+G4        4795.159     113 9816.317     9831.699     10436.621
264  SYM+I+G4      4795.764     114 9819.528     9835.191     10445.321
265  SYM+R2        4794.494     114 9816.988     9832.651     10442.781
266  SYM+R3        4788.630     116 9809.261     9825.495     10446.033
274  GTR+F         4663.612     115 9557.224     9573.171     10188.506
275  GTR+F+I       4663.047     116 9558.094     9574.329     10194.866
276  GTR+F+G4      4659.331     116 9550.662     9566.897     10187.434
277  GTR+F+I+G4    4660.642     117 9555.283     9571.807     10197.544
278  GTR+F+R2      4652.183     117 9538.367     9554.891     10180.628
279  GTR+F+R3      4650.975     119 9539.949     9557.061     10193.189
Akaike Information Criterion:           K3Pu+F+R3
Corrected Akaike Information Criterion: K3Pu+F+R3
Bayesian Information Criterion:         K3Pu+F+G4
Best-fit model: K3Pu+F+G4 chosen according to BIC

All model information printed to matK_aligned.fasta.model.gz
CPU time for ModelFinder: 222.939 seconds (0h:3m:42s)
Wall-clock time for ModelFinder: 114.441 seconds (0h:1m:54s)

NOTE: 2 MB RAM (0 GB) is required!
Measuring multi-threading efficiency up to 36 CPU cores
Increase to 10 rounds for branch lengths
2019 trees examined
Threads: 1 / Time: 36.020 sec / Speedup: 1.000 / Efficiency: 100% / LogL: -7458
Threads: 2 / Time: 32.693 sec / Speedup: 1.102 / Efficiency: 55% / LogL: -7458
Threads: 3 / Time: 28.824 sec / Speedup: 1.250 / Efficiency: 42% / LogL: -7458
BEST NUMBER OF THREADS: 2

Estimate model parameters (epsilon = 0.100)
1. Initial log-likelihood: -4710.053
2. Current log-likelihood: -4662.008
3. Current log-likelihood: -4661.164
4. Current log-likelihood: -4660.646
5. Current log-likelihood: -4660.321
6. Current log-likelihood: -4660.133
7. Current log-likelihood: -4660.032
Optimal log-likelihood: -4659.954
Rate parameters:  A-C: 1.00000  A-G: 2.17908  A-T: 0.45947  C-G: 0.45947  C-T: 2.17908  G-T: 1.00000
Base frequencies:  A: 0.344  C: 0.151  G: 0.175  T: 0.331
Gamma shape alpha: 1.906
Parameters optimization took 7 rounds (0.110 sec)
Computing ML distances based on estimated model parameters... 0.026 sec
Computing BIONJ tree...
0.003 seconds
Log-likelihood of BIONJ tree: -4666.378
--------------------------------------------------------------------
|             INITIALIZING CANDIDATE TREE SET                      |
--------------------------------------------------------------------
Generating 98 parsimony trees... 0.250 second
Computing log-likelihood of 98 initial trees ... 0.594 seconds
Current best score: -4657.728

Do NNI search on 20 best initial trees
Estimate model parameters (epsilon = 0.100)
BETTER TREE FOUND at iteration 1: -4655.871
BETTER TREE FOUND at iteration 2: -4655.871
BETTER TREE FOUND at iteration 6: -4655.871
Iteration 10 / LogL: -4655.876 / Time: 0h:1m:39s
Iteration 20 / LogL: -4655.925 / Time: 0h:1m:39s
Finish initializing candidate tree set (20)
Current best tree score: -4655.871 / CPU time: 1.945
Number of iterations: 20
--------------------------------------------------------------------
|               OPTIMIZING CANDIDATE TREE SET                      |
--------------------------------------------------------------------
Iteration 30 / LogL: -4655.873 / Time: 0h:1m:40s (0h:4m:22s left)
Iteration 40 / LogL: -4655.876 / Time: 0h:1m:40s (0h:2m:50s left)
Iteration 50 / LogL: -4655.874 / Time: 0h:1m:41s (0h:1m:55s left)
Iteration 60 / LogL: -4655.896 / Time: 0h:1m:41s (0h:1m:19s left)
Iteration 70 / LogL: -4662.365 / Time: 0h:1m:42s (0h:0m:53s left)
Iteration 80 / LogL: -4684.395 / Time: 0h:1m:42s (0h:0m:33s left)
Iteration 90 / LogL: -4655.881 / Time: 0h:1m:43s (0h:0m:18s left)
BETTER TREE FOUND at iteration 93: -4655.871
Iteration 100 / LogL: -4655.874 / Time: 0h:1m:43s (0h:1m:37s left)
Iteration 110 / LogL: -4655.918 / Time: 0h:1m:44s (0h:1m:19s left)
Iteration 120 / LogL: -4684.820 / Time: 0h:1m:44s (0h:1m:4s left)
Iteration 130 / LogL: -4655.984 / Time: 0h:1m:45s (0h:0m:51s left)
Iteration 140 / LogL: -4655.880 / Time: 0h:1m:45s (0h:0m:40s left)
Iteration 150 / LogL: -4655.873 / Time: 0h:1m:46s (0h:0m:30s left)
Iteration 160 / LogL: -4655.874 / Time: 0h:1m:46s (0h:0m:22s left)
Iteration 170 / LogL: -4655.875 / Time: 0h:1m:47s (0h:0m:14s left)
Iteration 180 / LogL: -4661.921 / Time: 0h:1m:47s (0h:0m:7s left)
Iteration 190 / LogL: -4659.079 / Time: 0h:1m:48s (0h:0m:1s left)
TREE SEARCH COMPLETED AFTER 194 ITERATIONS / Time: 0h:1m:48s

--------------------------------------------------------------------
|                    FINALIZING TREE SEARCH                        |
--------------------------------------------------------------------
Performs final model parameters optimization
Estimate model parameters (epsilon = 0.010)
1. Initial log-likelihood: -4655.871
2. Current log-likelihood: -4655.852
3. Current log-likelihood: -4655.831
4. Current log-likelihood: -4655.821
Optimal log-likelihood: -4655.814
Rate parameters:  A-C: 1.00000  A-G: 2.16165  A-T: 0.47260  C-G: 0.47260  C-T: 2.16165  G-T: 1.00000
Base frequencies:  A: 0.344  C: 0.151  G: 0.175  T: 0.331
Gamma shape alpha: 3.003
Parameters optimization took 4 rounds (0.051 sec)
BEST SCORE FOUND : -4655.814
Total tree length: 1.142

Total number of iterations: 194
CPU time used for tree search: 21.910 sec (0h:0m:21s)
Wall-clock time used for tree search: 10.992 sec (0h:0m:10s)
Total CPU time used: 209.772 sec (0h:3m:29s)
Total wall-clock time used: 108.721 sec (0h:1m:48s)

Analysis results written to: 
  IQ-TREE report:                matK_aligned.fasta.iqtree
  Maximum-likelihood tree:       matK_aligned.fasta.treefile
  Likelihood distances:          matK_aligned.fasta.mldist
  Screen log file:               matK_aligned.fasta.log

Date and Time: Sun Nov 29 17:29:51 2020
